<?xml version="1.0" encoding="UTF-8"?>
<!-- Generated by org.testng.reporters.JUnitXMLReporter -->
<testsuite ignored="0" hostname="DESKTOP-FHJB73V" failures="0" tests="2" name="Default test" time="31.696" errors="0" timestamp="2024-10-27T21:14:33 IST">
  <testcase classname="coverfoxTestMaven.TC_CASE_18991_CoverFox_ValidateerroeMessage" name="ValidatePincodeErrorMessage" time="1.748"/>
  <testcase classname="coverfoxTestMaven.TC_CASE_18991_CoverFox_ValidateerroeMessage" name="ValidateMobileErrorMessage" time="1.635"/>
</testsuite> <!-- Default test -->
